CRITICAL - 2022-08-14 10:41:54 --> Too few arguments to function App\Controllers\Page::undangan(), 0 passed in C:\Program Files\Ampps\www\wedding\system\CodeIgniter.php on line 904 and exactly 1 expected
in APPPATH\Controllers\Page.php on line 14.
 1 SYSTEMPATH\CodeIgniter.php(904): App\Controllers\Page->undangan()
 2 SYSTEMPATH\CodeIgniter.php(457): CodeIgniter\CodeIgniter->runController()
 3 SYSTEMPATH\CodeIgniter.php(340): CodeIgniter\CodeIgniter->handleRequest()
 4 FCPATH\index.php(67): CodeIgniter\CodeIgniter->run()
CRITICAL - 2022-08-14 10:42:09 --> Too few arguments to function App\Controllers\Page::undangan(), 0 passed in C:\Program Files\Ampps\www\wedding\system\CodeIgniter.php on line 904 and exactly 1 expected
in APPPATH\Controllers\Page.php on line 14.
 1 SYSTEMPATH\CodeIgniter.php(904): App\Controllers\Page->undangan()
 2 SYSTEMPATH\CodeIgniter.php(457): CodeIgniter\CodeIgniter->runController()
 3 SYSTEMPATH\CodeIgniter.php(340): CodeIgniter\CodeIgniter->handleRequest()
 4 FCPATH\index.php(67): CodeIgniter\CodeIgniter->run()
CRITICAL - 2022-08-14 10:43:35 --> Too few arguments to function App\Controllers\Page::undangan(), 0 passed in C:\Program Files\Ampps\www\wedding\system\CodeIgniter.php on line 904 and exactly 1 expected
in APPPATH\Controllers\Page.php on line 14.
 1 SYSTEMPATH\CodeIgniter.php(904): App\Controllers\Page->undangan()
 2 SYSTEMPATH\CodeIgniter.php(457): CodeIgniter\CodeIgniter->runController()
 3 SYSTEMPATH\CodeIgniter.php(340): CodeIgniter\CodeIgniter->handleRequest()
 4 FCPATH\index.php(67): CodeIgniter\CodeIgniter->run()
CRITICAL - 2022-08-14 10:43:51 --> Invalid file: undangan.php
in SYSTEMPATH\Exceptions\FrameworkException.php on line 33.
 1 SYSTEMPATH\View\View.php(201): CodeIgniter\Exceptions\FrameworkException::forInvalidFile()
 2 SYSTEMPATH\Common.php(1137): CodeIgniter\View\View->render()
 3 APPPATH\Controllers\Page.php(19): view()
 4 SYSTEMPATH\CodeIgniter.php(904): App\Controllers\Page->undangan()
 5 SYSTEMPATH\CodeIgniter.php(457): CodeIgniter\CodeIgniter->runController()
 6 SYSTEMPATH\CodeIgniter.php(340): CodeIgniter\CodeIgniter->handleRequest()
 7 FCPATH\index.php(67): CodeIgniter\CodeIgniter->run()
CRITICAL - 2022-08-14 10:44:18 --> Array to string conversion
in APPPATH\Views\undangan.php on line 15.
 1 APPPATH\Views\undangan.php(15): CodeIgniter\Debug\Exceptions->errorHandler()
 2 SYSTEMPATH\View\View.php(213): include('APPPATH\\Views\\undangan.php')
 3 SYSTEMPATH\View\View.php(216): CodeIgniter\View\View->CodeIgniter\View\{closure}()
 4 SYSTEMPATH\Common.php(1137): CodeIgniter\View\View->render()
 5 APPPATH\Controllers\Page.php(19): view()
 6 SYSTEMPATH\CodeIgniter.php(904): App\Controllers\Page->undangan()
 7 SYSTEMPATH\CodeIgniter.php(457): CodeIgniter\CodeIgniter->runController()
 8 SYSTEMPATH\CodeIgniter.php(340): CodeIgniter\CodeIgniter->handleRequest()
 9 FCPATH\index.php(67): CodeIgniter\CodeIgniter->run()
CRITICAL - 2022-08-14 10:44:28 --> Undefined offset: 0
in APPPATH\Views\undangan.php on line 15.
 1 APPPATH\Views\undangan.php(15): CodeIgniter\Debug\Exceptions->errorHandler()
 2 SYSTEMPATH\View\View.php(213): include('APPPATH\\Views\\undangan.php')
 3 SYSTEMPATH\View\View.php(216): CodeIgniter\View\View->CodeIgniter\View\{closure}()
 4 SYSTEMPATH\Common.php(1137): CodeIgniter\View\View->render()
 5 APPPATH\Controllers\Page.php(19): view()
 6 SYSTEMPATH\CodeIgniter.php(904): App\Controllers\Page->undangan()
 7 SYSTEMPATH\CodeIgniter.php(457): CodeIgniter\CodeIgniter->runController()
 8 SYSTEMPATH\CodeIgniter.php(340): CodeIgniter\CodeIgniter->handleRequest()
 9 FCPATH\index.php(67): CodeIgniter\CodeIgniter->run()
CRITICAL - 2022-08-14 10:44:31 --> Undefined offset: 1
in APPPATH\Views\undangan.php on line 15.
 1 APPPATH\Views\undangan.php(15): CodeIgniter\Debug\Exceptions->errorHandler()
 2 SYSTEMPATH\View\View.php(213): include('APPPATH\\Views\\undangan.php')
 3 SYSTEMPATH\View\View.php(216): CodeIgniter\View\View->CodeIgniter\View\{closure}()
 4 SYSTEMPATH\Common.php(1137): CodeIgniter\View\View->render()
 5 APPPATH\Controllers\Page.php(19): view()
 6 SYSTEMPATH\CodeIgniter.php(904): App\Controllers\Page->undangan()
 7 SYSTEMPATH\CodeIgniter.php(457): CodeIgniter\CodeIgniter->runController()
 8 SYSTEMPATH\CodeIgniter.php(340): CodeIgniter\CodeIgniter->handleRequest()
 9 FCPATH\index.php(67): CodeIgniter\CodeIgniter->run()
CRITICAL - 2022-08-14 10:46:00 --> Trying to access array offset on value of type null
in APPPATH\Views\undangan.php on line 20.
 1 APPPATH\Views\undangan.php(20): CodeIgniter\Debug\Exceptions->errorHandler()
 2 SYSTEMPATH\View\View.php(213): include('APPPATH\\Views\\undangan.php')
 3 SYSTEMPATH\View\View.php(216): CodeIgniter\View\View->CodeIgniter\View\{closure}()
 4 SYSTEMPATH\Common.php(1137): CodeIgniter\View\View->render()
 5 APPPATH\Controllers\Page.php(19): view()
 6 SYSTEMPATH\CodeIgniter.php(904): App\Controllers\Page->undangan()
 7 SYSTEMPATH\CodeIgniter.php(457): CodeIgniter\CodeIgniter->runController()
 8 SYSTEMPATH\CodeIgniter.php(340): CodeIgniter\CodeIgniter->handleRequest()
 9 FCPATH\index.php(67): CodeIgniter\CodeIgniter->run()
CRITICAL - 2022-08-14 10:46:24 --> Trying to access array offset on value of type null
in APPPATH\Views\undangan.php on line 20.
 1 APPPATH\Views\undangan.php(20): CodeIgniter\Debug\Exceptions->errorHandler()
 2 SYSTEMPATH\View\View.php(213): include('APPPATH\\Views\\undangan.php')
 3 SYSTEMPATH\View\View.php(216): CodeIgniter\View\View->CodeIgniter\View\{closure}()
 4 SYSTEMPATH\Common.php(1137): CodeIgniter\View\View->render()
 5 APPPATH\Controllers\Page.php(19): view()
 6 SYSTEMPATH\CodeIgniter.php(904): App\Controllers\Page->undangan()
 7 SYSTEMPATH\CodeIgniter.php(457): CodeIgniter\CodeIgniter->runController()
 8 SYSTEMPATH\CodeIgniter.php(340): CodeIgniter\CodeIgniter->handleRequest()
 9 FCPATH\index.php(67): CodeIgniter\CodeIgniter->run()
CRITICAL - 2022-08-14 10:47:20 --> Trying to access array offset on value of type null
in APPPATH\Views\undangan.php on line 19.
 1 APPPATH\Views\undangan.php(19): CodeIgniter\Debug\Exceptions->errorHandler()
 2 SYSTEMPATH\View\View.php(213): include('APPPATH\\Views\\undangan.php')
 3 SYSTEMPATH\View\View.php(216): CodeIgniter\View\View->CodeIgniter\View\{closure}()
 4 SYSTEMPATH\Common.php(1137): CodeIgniter\View\View->render()
 5 APPPATH\Controllers\Page.php(19): view()
 6 SYSTEMPATH\CodeIgniter.php(904): App\Controllers\Page->undangan()
 7 SYSTEMPATH\CodeIgniter.php(457): CodeIgniter\CodeIgniter->runController()
 8 SYSTEMPATH\CodeIgniter.php(340): CodeIgniter\CodeIgniter->handleRequest()
 9 FCPATH\index.php(67): CodeIgniter\CodeIgniter->run()
CRITICAL - 2022-08-14 10:48:42 --> Trying to access array offset on value of type null
in APPPATH\Views\undangan.php on line 19.
 1 APPPATH\Views\undangan.php(19): CodeIgniter\Debug\Exceptions->errorHandler()
 2 SYSTEMPATH\View\View.php(213): include('APPPATH\\Views\\undangan.php')
 3 SYSTEMPATH\View\View.php(216): CodeIgniter\View\View->CodeIgniter\View\{closure}()
 4 SYSTEMPATH\Common.php(1137): CodeIgniter\View\View->render()
 5 APPPATH\Controllers\Page.php(19): view()
 6 SYSTEMPATH\CodeIgniter.php(904): App\Controllers\Page->undangan()
 7 SYSTEMPATH\CodeIgniter.php(457): CodeIgniter\CodeIgniter->runController()
 8 SYSTEMPATH\CodeIgniter.php(340): CodeIgniter\CodeIgniter->handleRequest()
 9 FCPATH\index.php(67): CodeIgniter\CodeIgniter->run()
CRITICAL - 2022-08-14 10:49:48 --> Trying to access array offset on value of type null
in APPPATH\Views\undangan.php on line 19.
 1 APPPATH\Views\undangan.php(19): CodeIgniter\Debug\Exceptions->errorHandler()
 2 SYSTEMPATH\View\View.php(213): include('APPPATH\\Views\\undangan.php')
 3 SYSTEMPATH\View\View.php(216): CodeIgniter\View\View->CodeIgniter\View\{closure}()
 4 SYSTEMPATH\Common.php(1137): CodeIgniter\View\View->render()
 5 APPPATH\Controllers\Page.php(19): view()
 6 SYSTEMPATH\CodeIgniter.php(904): App\Controllers\Page->undangan()
 7 SYSTEMPATH\CodeIgniter.php(457): CodeIgniter\CodeIgniter->runController()
 8 SYSTEMPATH\CodeIgniter.php(340): CodeIgniter\CodeIgniter->handleRequest()
 9 FCPATH\index.php(67): CodeIgniter\CodeIgniter->run()
CRITICAL - 2022-08-14 10:50:03 --> syntax error, unexpected '' (T_ENCAPSED_AND_WHITESPACE), expecting '-' or identifier (T_STRING) or variable (T_VARIABLE) or number (T_NUM_STRING)
in APPPATH\Views\undangan.php on line 19.
 1 SYSTEMPATH\View\View.php(216): CodeIgniter\View\View->CodeIgniter\View\{closure}()
 2 SYSTEMPATH\Common.php(1137): CodeIgniter\View\View->render()
 3 APPPATH\Controllers\Page.php(19): view()
 4 SYSTEMPATH\CodeIgniter.php(904): App\Controllers\Page->undangan()
 5 SYSTEMPATH\CodeIgniter.php(457): CodeIgniter\CodeIgniter->runController()
 6 SYSTEMPATH\CodeIgniter.php(340): CodeIgniter\CodeIgniter->handleRequest()
 7 FCPATH\index.php(67): CodeIgniter\CodeIgniter->run()
CRITICAL - 2022-08-14 10:50:17 --> Array to string conversion
in APPPATH\Views\undangan.php on line 19.
 1 APPPATH\Views\undangan.php(19): CodeIgniter\Debug\Exceptions->errorHandler()
 2 SYSTEMPATH\View\View.php(213): include('APPPATH\\Views\\undangan.php')
 3 SYSTEMPATH\View\View.php(216): CodeIgniter\View\View->CodeIgniter\View\{closure}()
 4 SYSTEMPATH\Common.php(1137): CodeIgniter\View\View->render()
 5 APPPATH\Controllers\Page.php(19): view()
 6 SYSTEMPATH\CodeIgniter.php(904): App\Controllers\Page->undangan()
 7 SYSTEMPATH\CodeIgniter.php(457): CodeIgniter\CodeIgniter->runController()
 8 SYSTEMPATH\CodeIgniter.php(340): CodeIgniter\CodeIgniter->handleRequest()
 9 FCPATH\index.php(67): CodeIgniter\CodeIgniter->run()
CRITICAL - 2022-08-14 10:50:21 --> Cannot use [] for reading
in APPPATH\Views\undangan.php on line 19.
 1 [internal function]: CodeIgniter\Debug\Exceptions->shutdownHandler()
CRITICAL - 2022-08-14 10:50:24 --> Undefined offset: 0
in APPPATH\Views\undangan.php on line 19.
 1 APPPATH\Views\undangan.php(19): CodeIgniter\Debug\Exceptions->errorHandler()
 2 SYSTEMPATH\View\View.php(213): include('APPPATH\\Views\\undangan.php')
 3 SYSTEMPATH\View\View.php(216): CodeIgniter\View\View->CodeIgniter\View\{closure}()
 4 SYSTEMPATH\Common.php(1137): CodeIgniter\View\View->render()
 5 APPPATH\Controllers\Page.php(19): view()
 6 SYSTEMPATH\CodeIgniter.php(904): App\Controllers\Page->undangan()
 7 SYSTEMPATH\CodeIgniter.php(457): CodeIgniter\CodeIgniter->runController()
 8 SYSTEMPATH\CodeIgniter.php(340): CodeIgniter\CodeIgniter->handleRequest()
 9 FCPATH\index.php(67): CodeIgniter\CodeIgniter->run()
CRITICAL - 2022-08-14 10:50:36 --> Trying to access array offset on value of type null
in APPPATH\Views\undangan.php on line 19.
 1 APPPATH\Views\undangan.php(19): CodeIgniter\Debug\Exceptions->errorHandler()
 2 SYSTEMPATH\View\View.php(213): include('APPPATH\\Views\\undangan.php')
 3 SYSTEMPATH\View\View.php(216): CodeIgniter\View\View->CodeIgniter\View\{closure}()
 4 SYSTEMPATH\Common.php(1137): CodeIgniter\View\View->render()
 5 APPPATH\Controllers\Page.php(19): view()
 6 SYSTEMPATH\CodeIgniter.php(904): App\Controllers\Page->undangan()
 7 SYSTEMPATH\CodeIgniter.php(457): CodeIgniter\CodeIgniter->runController()
 8 SYSTEMPATH\CodeIgniter.php(340): CodeIgniter\CodeIgniter->handleRequest()
 9 FCPATH\index.php(67): CodeIgniter\CodeIgniter->run()
CRITICAL - 2022-08-14 10:50:43 --> Trying to access array offset on value of type null
in APPPATH\Views\undangan.php on line 19.
 1 APPPATH\Views\undangan.php(19): CodeIgniter\Debug\Exceptions->errorHandler()
 2 SYSTEMPATH\View\View.php(213): include('APPPATH\\Views\\undangan.php')
 3 SYSTEMPATH\View\View.php(216): CodeIgniter\View\View->CodeIgniter\View\{closure}()
 4 SYSTEMPATH\Common.php(1137): CodeIgniter\View\View->render()
 5 APPPATH\Controllers\Page.php(19): view()
 6 SYSTEMPATH\CodeIgniter.php(904): App\Controllers\Page->undangan()
 7 SYSTEMPATH\CodeIgniter.php(457): CodeIgniter\CodeIgniter->runController()
 8 SYSTEMPATH\CodeIgniter.php(340): CodeIgniter\CodeIgniter->handleRequest()
 9 FCPATH\index.php(67): CodeIgniter\CodeIgniter->run()
CRITICAL - 2022-08-14 10:50:50 --> Trying to access array offset on value of type null
in APPPATH\Views\undangan.php on line 19.
 1 APPPATH\Views\undangan.php(19): CodeIgniter\Debug\Exceptions->errorHandler()
 2 SYSTEMPATH\View\View.php(213): include('APPPATH\\Views\\undangan.php')
 3 SYSTEMPATH\View\View.php(216): CodeIgniter\View\View->CodeIgniter\View\{closure}()
 4 SYSTEMPATH\Common.php(1137): CodeIgniter\View\View->render()
 5 APPPATH\Controllers\Page.php(19): view()
 6 SYSTEMPATH\CodeIgniter.php(904): App\Controllers\Page->undangan()
 7 SYSTEMPATH\CodeIgniter.php(457): CodeIgniter\CodeIgniter->runController()
 8 SYSTEMPATH\CodeIgniter.php(340): CodeIgniter\CodeIgniter->handleRequest()
 9 FCPATH\index.php(67): CodeIgniter\CodeIgniter->run()
CRITICAL - 2022-08-14 10:51:55 --> Cannot use [] for reading
in APPPATH\Views\undangan.php on line 19.
 1 [internal function]: CodeIgniter\Debug\Exceptions->shutdownHandler()
CRITICAL - 2022-08-14 10:52:02 --> Undefined variable: data
in APPPATH\Views\undangan.php on line 17.
 1 APPPATH\Views\undangan.php(17): CodeIgniter\Debug\Exceptions->errorHandler()
 2 SYSTEMPATH\View\View.php(213): include('APPPATH\\Views\\undangan.php')
 3 SYSTEMPATH\View\View.php(216): CodeIgniter\View\View->CodeIgniter\View\{closure}()
 4 SYSTEMPATH\Common.php(1137): CodeIgniter\View\View->render()
 5 APPPATH\Controllers\Page.php(19): view()
 6 SYSTEMPATH\CodeIgniter.php(904): App\Controllers\Page->undangan()
 7 SYSTEMPATH\CodeIgniter.php(457): CodeIgniter\CodeIgniter->runController()
 8 SYSTEMPATH\CodeIgniter.php(340): CodeIgniter\CodeIgniter->handleRequest()
 9 FCPATH\index.php(67): CodeIgniter\CodeIgniter->run()
CRITICAL - 2022-08-14 10:52:08 --> Undefined variable: nick
in APPPATH\Views\undangan.php on line 17.
 1 APPPATH\Views\undangan.php(17): CodeIgniter\Debug\Exceptions->errorHandler()
 2 SYSTEMPATH\View\View.php(213): include('APPPATH\\Views\\undangan.php')
 3 SYSTEMPATH\View\View.php(216): CodeIgniter\View\View->CodeIgniter\View\{closure}()
 4 SYSTEMPATH\Common.php(1137): CodeIgniter\View\View->render()
 5 APPPATH\Controllers\Page.php(19): view()
 6 SYSTEMPATH\CodeIgniter.php(904): App\Controllers\Page->undangan()
 7 SYSTEMPATH\CodeIgniter.php(457): CodeIgniter\CodeIgniter->runController()
 8 SYSTEMPATH\CodeIgniter.php(340): CodeIgniter\CodeIgniter->handleRequest()
 9 FCPATH\index.php(67): CodeIgniter\CodeIgniter->run()
CRITICAL - 2022-08-14 11:08:33 --> Cannot use object of type CodeIgniter\Router\RouteCollection as array
in APPPATH\Config\Routes.php on line 40.
 1 SYSTEMPATH\CodeIgniter.php(766): require()
 2 SYSTEMPATH\CodeIgniter.php(406): CodeIgniter\CodeIgniter->tryToRouteIt()
 3 SYSTEMPATH\CodeIgniter.php(340): CodeIgniter\CodeIgniter->handleRequest()
 4 FCPATH\index.php(67): CodeIgniter\CodeIgniter->run()
CRITICAL - 2022-08-14 11:19:48 --> Undefined variable: t
in APPPATH\Views\undangan.php on line 19.
 1 APPPATH\Views\undangan.php(19): CodeIgniter\Debug\Exceptions->errorHandler()
 2 SYSTEMPATH\View\View.php(213): include('APPPATH\\Views\\undangan.php')
 3 SYSTEMPATH\View\View.php(216): CodeIgniter\View\View->CodeIgniter\View\{closure}()
 4 SYSTEMPATH\Common.php(1137): CodeIgniter\View\View->render()
 5 APPPATH\Controllers\Page.php(23): view()
 6 SYSTEMPATH\CodeIgniter.php(904): App\Controllers\Page->Undangan()
 7 SYSTEMPATH\CodeIgniter.php(457): CodeIgniter\CodeIgniter->runController()
 8 SYSTEMPATH\CodeIgniter.php(340): CodeIgniter\CodeIgniter->handleRequest()
 9 FCPATH\index.php(67): CodeIgniter\CodeIgniter->run()
CRITICAL - 2022-08-14 11:22:05 --> Trying to get property 'nicknameGuest' of non-object
in APPPATH\Controllers\Page.php on line 20.
 1 APPPATH\Controllers\Page.php(20): CodeIgniter\Debug\Exceptions->errorHandler()
 2 SYSTEMPATH\CodeIgniter.php(904): App\Controllers\Page->Undangan()
 3 SYSTEMPATH\CodeIgniter.php(457): CodeIgniter\CodeIgniter->runController()
 4 SYSTEMPATH\CodeIgniter.php(340): CodeIgniter\CodeIgniter->handleRequest()
 5 FCPATH\index.php(67): CodeIgniter\CodeIgniter->run()
CRITICAL - 2022-08-14 11:22:15 --> Trying to get property 'namaGuest' of non-object
in APPPATH\Controllers\Page.php on line 20.
 1 APPPATH\Controllers\Page.php(20): CodeIgniter\Debug\Exceptions->errorHandler()
 2 SYSTEMPATH\CodeIgniter.php(904): App\Controllers\Page->Undangan()
 3 SYSTEMPATH\CodeIgniter.php(457): CodeIgniter\CodeIgniter->runController()
 4 SYSTEMPATH\CodeIgniter.php(340): CodeIgniter\CodeIgniter->handleRequest()
 5 FCPATH\index.php(67): CodeIgniter\CodeIgniter->run()
CRITICAL - 2022-08-14 11:45:15 --> Trying to access array offset on value of type null
in APPPATH\Controllers\Page.php on line 19.
 1 APPPATH\Controllers\Page.php(19): CodeIgniter\Debug\Exceptions->errorHandler()
 2 SYSTEMPATH\CodeIgniter.php(904): App\Controllers\Page->Undangan()
 3 SYSTEMPATH\CodeIgniter.php(457): CodeIgniter\CodeIgniter->runController()
 4 SYSTEMPATH\CodeIgniter.php(340): CodeIgniter\CodeIgniter->handleRequest()
 5 FCPATH\index.php(67): CodeIgniter\CodeIgniter->run()
CRITICAL - 2022-08-14 11:56:10 --> Trying to access array offset on value of type null
in APPPATH\Controllers\Page.php on line 19.
 1 APPPATH\Controllers\Page.php(19): CodeIgniter\Debug\Exceptions->errorHandler()
 2 SYSTEMPATH\CodeIgniter.php(904): App\Controllers\Page->Undangan()
 3 SYSTEMPATH\CodeIgniter.php(457): CodeIgniter\CodeIgniter->runController()
 4 SYSTEMPATH\CodeIgniter.php(340): CodeIgniter\CodeIgniter->handleRequest()
 5 FCPATH\index.php(67): CodeIgniter\CodeIgniter->run()
CRITICAL - 2022-08-14 11:56:44 --> Trying to access array offset on value of type null
in APPPATH\Controllers\Page.php on line 19.
 1 APPPATH\Controllers\Page.php(19): CodeIgniter\Debug\Exceptions->errorHandler()
 2 SYSTEMPATH\CodeIgniter.php(904): App\Controllers\Page->Undangan()
 3 SYSTEMPATH\CodeIgniter.php(457): CodeIgniter\CodeIgniter->runController()
 4 SYSTEMPATH\CodeIgniter.php(340): CodeIgniter\CodeIgniter->handleRequest()
 5 FCPATH\index.php(67): CodeIgniter\CodeIgniter->run()
CRITICAL - 2022-08-14 11:57:07 --> Trying to access array offset on value of type null
in APPPATH\Controllers\Page.php on line 19.
 1 APPPATH\Controllers\Page.php(19): CodeIgniter\Debug\Exceptions->errorHandler()
 2 SYSTEMPATH\CodeIgniter.php(904): App\Controllers\Page->Undangan()
 3 SYSTEMPATH\CodeIgniter.php(457): CodeIgniter\CodeIgniter->runController()
 4 SYSTEMPATH\CodeIgniter.php(340): CodeIgniter\CodeIgniter->handleRequest()
 5 FCPATH\index.php(67): CodeIgniter\CodeIgniter->run()
CRITICAL - 2022-08-14 11:58:30 --> Trying to access array offset on value of type null
in APPPATH\Controllers\Page.php on line 19.
 1 APPPATH\Controllers\Page.php(19): CodeIgniter\Debug\Exceptions->errorHandler()
 2 SYSTEMPATH\CodeIgniter.php(904): App\Controllers\Page->Undangan()
 3 SYSTEMPATH\CodeIgniter.php(457): CodeIgniter\CodeIgniter->runController()
 4 SYSTEMPATH\CodeIgniter.php(340): CodeIgniter\CodeIgniter->handleRequest()
 5 FCPATH\index.php(67): CodeIgniter\CodeIgniter->run()
CRITICAL - 2022-08-14 11:58:58 --> Trying to access array offset on value of type null
in APPPATH\Controllers\Page.php on line 19.
 1 APPPATH\Controllers\Page.php(19): CodeIgniter\Debug\Exceptions->errorHandler()
 2 SYSTEMPATH\CodeIgniter.php(904): App\Controllers\Page->Undangan()
 3 SYSTEMPATH\CodeIgniter.php(457): CodeIgniter\CodeIgniter->runController()
 4 SYSTEMPATH\CodeIgniter.php(340): CodeIgniter\CodeIgniter->handleRequest()
 5 FCPATH\index.php(67): CodeIgniter\CodeIgniter->run()
CRITICAL - 2022-08-14 12:00:40 --> Trying to access array offset on value of type null
in APPPATH\Controllers\Page.php on line 19.
 1 APPPATH\Controllers\Page.php(19): CodeIgniter\Debug\Exceptions->errorHandler()
 2 SYSTEMPATH\CodeIgniter.php(904): App\Controllers\Page->Undangan()
 3 SYSTEMPATH\CodeIgniter.php(457): CodeIgniter\CodeIgniter->runController()
 4 SYSTEMPATH\CodeIgniter.php(340): CodeIgniter\CodeIgniter->handleRequest()
 5 FCPATH\index.php(67): CodeIgniter\CodeIgniter->run()
CRITICAL - 2022-08-14 12:09:50 --> Trying to access array offset on value of type null
in APPPATH\Controllers\Page.php on line 19.
 1 APPPATH\Controllers\Page.php(19): CodeIgniter\Debug\Exceptions->errorHandler()
 2 SYSTEMPATH\CodeIgniter.php(904): App\Controllers\Page->Undangan()
 3 SYSTEMPATH\CodeIgniter.php(457): CodeIgniter\CodeIgniter->runController()
 4 SYSTEMPATH\CodeIgniter.php(340): CodeIgniter\CodeIgniter->handleRequest()
 5 FCPATH\index.php(67): CodeIgniter\CodeIgniter->run()
CRITICAL - 2022-08-14 12:13:10 --> Trying to access array offset on value of type null
in APPPATH\Controllers\Page.php on line 19.
 1 APPPATH\Controllers\Page.php(19): CodeIgniter\Debug\Exceptions->errorHandler()
 2 SYSTEMPATH\CodeIgniter.php(904): App\Controllers\Page->Undangan()
 3 SYSTEMPATH\CodeIgniter.php(457): CodeIgniter\CodeIgniter->runController()
 4 SYSTEMPATH\CodeIgniter.php(340): CodeIgniter\CodeIgniter->handleRequest()
 5 FCPATH\index.php(67): CodeIgniter\CodeIgniter->run()
CRITICAL - 2022-08-14 12:13:24 --> Trying to access array offset on value of type null
in APPPATH\Controllers\Page.php on line 19.
 1 APPPATH\Controllers\Page.php(19): CodeIgniter\Debug\Exceptions->errorHandler()
 2 SYSTEMPATH\CodeIgniter.php(904): App\Controllers\Page->Undangan()
 3 SYSTEMPATH\CodeIgniter.php(457): CodeIgniter\CodeIgniter->runController()
 4 SYSTEMPATH\CodeIgniter.php(340): CodeIgniter\CodeIgniter->handleRequest()
 5 FCPATH\index.php(67): CodeIgniter\CodeIgniter->run()
CRITICAL - 2022-08-14 12:13:28 --> Trying to access array offset on value of type null
in APPPATH\Controllers\Page.php on line 19.
 1 APPPATH\Controllers\Page.php(19): CodeIgniter\Debug\Exceptions->errorHandler()
 2 SYSTEMPATH\CodeIgniter.php(904): App\Controllers\Page->Undangan()
 3 SYSTEMPATH\CodeIgniter.php(457): CodeIgniter\CodeIgniter->runController()
 4 SYSTEMPATH\CodeIgniter.php(340): CodeIgniter\CodeIgniter->handleRequest()
 5 FCPATH\index.php(67): CodeIgniter\CodeIgniter->run()
CRITICAL - 2022-08-14 12:36:39 --> compact(): Undefined variable: nickname
in APPPATH\Controllers\Main.php on line 19.
 1 [internal function]: CodeIgniter\Debug\Exceptions->errorHandler()
 2 APPPATH\Controllers\Main.php(19): compact()
 3 SYSTEMPATH\CodeIgniter.php(904): App\Controllers\Main->Invitation()
 4 SYSTEMPATH\CodeIgniter.php(457): CodeIgniter\CodeIgniter->runController()
 5 SYSTEMPATH\CodeIgniter.php(340): CodeIgniter\CodeIgniter->handleRequest()
 6 FCPATH\index.php(67): CodeIgniter\CodeIgniter->run()
CRITICAL - 2022-08-14 12:37:29 --> compact(): Undefined variable: nickname
in APPPATH\Controllers\Main.php on line 19.
 1 [internal function]: CodeIgniter\Debug\Exceptions->errorHandler()
 2 APPPATH\Controllers\Main.php(19): compact()
 3 SYSTEMPATH\CodeIgniter.php(904): App\Controllers\Main->Invitation()
 4 SYSTEMPATH\CodeIgniter.php(457): CodeIgniter\CodeIgniter->runController()
 5 SYSTEMPATH\CodeIgniter.php(340): CodeIgniter\CodeIgniter->handleRequest()
 6 FCPATH\index.php(67): CodeIgniter\CodeIgniter->run()
CRITICAL - 2022-08-14 12:37:58 --> compact(): Undefined variable: nickname
in APPPATH\Controllers\Main.php on line 19.
 1 [internal function]: CodeIgniter\Debug\Exceptions->errorHandler()
 2 APPPATH\Controllers\Main.php(19): compact()
 3 SYSTEMPATH\CodeIgniter.php(904): App\Controllers\Main->Invitation()
 4 SYSTEMPATH\CodeIgniter.php(457): CodeIgniter\CodeIgniter->runController()
 5 SYSTEMPATH\CodeIgniter.php(340): CodeIgniter\CodeIgniter->handleRequest()
 6 FCPATH\index.php(67): CodeIgniter\CodeIgniter->run()
CRITICAL - 2022-08-14 12:39:50 --> compact(): Undefined variable: nickname
in APPPATH\Controllers\Main.php on line 19.
 1 [internal function]: CodeIgniter\Debug\Exceptions->errorHandler()
 2 APPPATH\Controllers\Main.php(19): compact()
 3 SYSTEMPATH\CodeIgniter.php(904): App\Controllers\Main->Invitation()
 4 SYSTEMPATH\CodeIgniter.php(457): CodeIgniter\CodeIgniter->runController()
 5 SYSTEMPATH\CodeIgniter.php(340): CodeIgniter\CodeIgniter->handleRequest()
 6 FCPATH\index.php(67): CodeIgniter\CodeIgniter->run()
CRITICAL - 2022-08-14 12:46:11 --> syntax error, unexpected ''); ?>"></script>' (T_CONSTANT_ENCAPSED_STRING), expecting ')'
in APPPATH\Views\maininvitation.php on line 602.
 1 SYSTEMPATH\View\View.php(216): CodeIgniter\View\View->CodeIgniter\View\{closure}()
 2 SYSTEMPATH\Common.php(1137): CodeIgniter\View\View->render()
 3 APPPATH\Controllers\Main.php(10): view()
 4 SYSTEMPATH\CodeIgniter.php(904): App\Controllers\Main->Invitation()
 5 SYSTEMPATH\CodeIgniter.php(457): CodeIgniter\CodeIgniter->runController()
 6 SYSTEMPATH\CodeIgniter.php(340): CodeIgniter\CodeIgniter->handleRequest()
 7 FCPATH\index.php(67): CodeIgniter\CodeIgniter->run()
CRITICAL - 2022-08-14 14:13:06 --> Undefined property: App\Controllers\Main::$KehadiranModel
in APPPATH\Controllers\Main.php on line 32.
 1 APPPATH\Controllers\Main.php(32): CodeIgniter\Debug\Exceptions->errorHandler()
 2 SYSTEMPATH\CodeIgniter.php(904): App\Controllers\Main->SaveKehadiran()
 3 SYSTEMPATH\CodeIgniter.php(457): CodeIgniter\CodeIgniter->runController()
 4 SYSTEMPATH\CodeIgniter.php(340): CodeIgniter\CodeIgniter->handleRequest()
 5 FCPATH\index.php(67): CodeIgniter\CodeIgniter->run()
CRITICAL - 2022-08-14 14:14:06 --> Trying to access array offset on value of type null
in APPPATH\Controllers\Page.php on line 19.
 1 APPPATH\Controllers\Page.php(19): CodeIgniter\Debug\Exceptions->errorHandler()
 2 SYSTEMPATH\CodeIgniter.php(904): App\Controllers\Page->Undangan()
 3 SYSTEMPATH\CodeIgniter.php(457): CodeIgniter\CodeIgniter->runController()
 4 SYSTEMPATH\CodeIgniter.php(340): CodeIgniter\CodeIgniter->handleRequest()
 5 FCPATH\index.php(67): CodeIgniter\CodeIgniter->run()
CRITICAL - 2022-08-14 14:33:05 --> Undefined property: App\Controllers\Main::$KehadiranModel
in APPPATH\Controllers\Main.php on line 50.
 1 APPPATH\Controllers\Main.php(50): CodeIgniter\Debug\Exceptions->errorHandler()
 2 SYSTEMPATH\CodeIgniter.php(904): App\Controllers\Main->SaveDoa()
 3 SYSTEMPATH\CodeIgniter.php(457): CodeIgniter\CodeIgniter->runController()
 4 SYSTEMPATH\CodeIgniter.php(340): CodeIgniter\CodeIgniter->handleRequest()
 5 FCPATH\index.php(67): CodeIgniter\CodeIgniter->run()
CRITICAL - 2022-08-14 14:46:50 --> Undefined property: App\Controllers\Main::$load
in APPPATH\Controllers\Main.php on line 55.
 1 APPPATH\Controllers\Main.php(55): CodeIgniter\Debug\Exceptions->errorHandler()
 2 SYSTEMPATH\CodeIgniter.php(904): App\Controllers\Main->doa_list()
 3 SYSTEMPATH\CodeIgniter.php(457): CodeIgniter\CodeIgniter->runController()
 4 SYSTEMPATH\CodeIgniter.php(340): CodeIgniter\CodeIgniter->handleRequest()
 5 FCPATH\index.php(67): CodeIgniter\CodeIgniter->run()
CRITICAL - 2022-08-14 14:47:10 --> Undefined property: App\Controllers\Main::$load
in APPPATH\Controllers\Main.php on line 55.
 1 APPPATH\Controllers\Main.php(55): CodeIgniter\Debug\Exceptions->errorHandler()
 2 SYSTEMPATH\CodeIgniter.php(904): App\Controllers\Main->doa_list()
 3 SYSTEMPATH\CodeIgniter.php(457): CodeIgniter\CodeIgniter->runController()
 4 SYSTEMPATH\CodeIgniter.php(340): CodeIgniter\CodeIgniter->handleRequest()
 5 FCPATH\index.php(67): CodeIgniter\CodeIgniter->run()
CRITICAL - 2022-08-14 14:51:06 --> Undefined property: App\Controllers\Main::$load
in APPPATH\Controllers\Main.php on line 55.
 1 APPPATH\Controllers\Main.php(55): CodeIgniter\Debug\Exceptions->errorHandler()
 2 SYSTEMPATH\CodeIgniter.php(904): App\Controllers\Main->doa_list()
 3 SYSTEMPATH\CodeIgniter.php(457): CodeIgniter\CodeIgniter->runController()
 4 SYSTEMPATH\CodeIgniter.php(340): CodeIgniter\CodeIgniter->handleRequest()
 5 FCPATH\index.php(67): CodeIgniter\CodeIgniter->run()
CRITICAL - 2022-08-14 14:51:25 --> Undefined property: App\Controllers\Main::$load
in APPPATH\Controllers\Main.php on line 57.
 1 APPPATH\Controllers\Main.php(57): CodeIgniter\Debug\Exceptions->errorHandler()
 2 SYSTEMPATH\CodeIgniter.php(904): App\Controllers\Main->doa_list()
 3 SYSTEMPATH\CodeIgniter.php(457): CodeIgniter\CodeIgniter->runController()
 4 SYSTEMPATH\CodeIgniter.php(340): CodeIgniter\CodeIgniter->handleRequest()
 5 FCPATH\index.php(67): CodeIgniter\CodeIgniter->run()
CRITICAL - 2022-08-14 14:51:33 --> Undefined property: App\Controllers\Main::$load
in APPPATH\Controllers\Main.php on line 57.
 1 APPPATH\Controllers\Main.php(57): CodeIgniter\Debug\Exceptions->errorHandler()
 2 SYSTEMPATH\CodeIgniter.php(904): App\Controllers\Main->doa_list()
 3 SYSTEMPATH\CodeIgniter.php(457): CodeIgniter\CodeIgniter->runController()
 4 SYSTEMPATH\CodeIgniter.php(340): CodeIgniter\CodeIgniter->handleRequest()
 5 FCPATH\index.php(67): CodeIgniter\CodeIgniter->run()
CRITICAL - 2022-08-14 14:53:14 --> syntax error, unexpected end of file
in APPPATH\Views\doa_list.php on line 19.
 1 SYSTEMPATH\View\View.php(216): CodeIgniter\View\View->CodeIgniter\View\{closure}()
 2 SYSTEMPATH\Common.php(1137): CodeIgniter\View\View->render()
 3 APPPATH\Controllers\Main.php(57): view()
 4 SYSTEMPATH\CodeIgniter.php(904): App\Controllers\Main->doa_list()
 5 SYSTEMPATH\CodeIgniter.php(457): CodeIgniter\CodeIgniter->runController()
 6 SYSTEMPATH\CodeIgniter.php(340): CodeIgniter\CodeIgniter->handleRequest()
 7 FCPATH\index.php(67): CodeIgniter\CodeIgniter->run()
ERROR - 2022-08-14 15:23:57 --> mysqli_sql_exception: Unknown column 'id_doa' in 'order clause' in C:\Program Files\Ampps\www\wedding\system\Database\MySQLi\Connection.php:292
Stack trace:
#0 C:\Program Files\Ampps\www\wedding\system\Database\MySQLi\Connection.php(292): mysqli->query()
#1 C:\Program Files\Ampps\www\wedding\system\Database\BaseConnection.php(693): CodeIgniter\Database\MySQLi\Connection->execute()
#2 C:\Program Files\Ampps\www\wedding\system\Database\BaseConnection.php(620): CodeIgniter\Database\BaseConnection->simpleQuery()
#3 C:\Program Files\Ampps\www\wedding\app\Views\doa_list.php(10): CodeIgniter\Database\BaseConnection->query()
#4 C:\Program Files\Ampps\www\wedding\system\View\View.php(213): include('C:\\Program File...')
#5 C:\Program Files\Ampps\www\wedding\system\View\View.php(216): CodeIgniter\View\View->CodeIgniter\View\{closure}()
#6 C:\Program Files\Ampps\www\wedding\system\Common.php(1137): CodeIgniter\View\View->render()
#7 C:\Program Files\Ampps\www\wedding\app\Controllers\Main.php(57): view()
#8 C:\Program Files\Ampps\www\wedding\system\CodeIgniter.php(904): App\Controllers\Main->doa_list()
#9 C:\Program Files\Ampps\www\wedding\system\CodeIgniter.php(457): CodeIgniter\CodeIgniter->runController()
#10 C:\Program Files\Ampps\www\wedding\system\CodeIgniter.php(340): CodeIgniter\CodeIgniter->handleRequest()
#11 C:\Program Files\Ampps\www\wedding\index.php(67): CodeIgniter\CodeIgniter->run()
#12 {main}
CRITICAL - 2022-08-14 15:23:57 --> Unknown column 'id_doa' in 'order clause'
in SYSTEMPATH\Database\MySQLi\Connection.php on line 292.
 1 SYSTEMPATH\Database\MySQLi\Connection.php(292): mysqli->query()
 2 SYSTEMPATH\Database\BaseConnection.php(693): CodeIgniter\Database\MySQLi\Connection->execute()
 3 SYSTEMPATH\Database\BaseConnection.php(620): CodeIgniter\Database\BaseConnection->simpleQuery()
 4 APPPATH\Views\doa_list.php(10): CodeIgniter\Database\BaseConnection->query()
 5 SYSTEMPATH\View\View.php(213): include('APPPATH\\Views\\doa_list.php')
 6 SYSTEMPATH\View\View.php(216): CodeIgniter\View\View->CodeIgniter\View\{closure}()
 7 SYSTEMPATH\Common.php(1137): CodeIgniter\View\View->render()
 8 APPPATH\Controllers\Main.php(57): view()
 9 SYSTEMPATH\CodeIgniter.php(904): App\Controllers\Main->doa_list()
10 SYSTEMPATH\CodeIgniter.php(457): CodeIgniter\CodeIgniter->runController()
11 SYSTEMPATH\CodeIgniter.php(340): CodeIgniter\CodeIgniter->handleRequest()
12 FCPATH\index.php(67): CodeIgniter\CodeIgniter->run()
CRITICAL - 2022-08-14 15:27:03 --> Trying to access array offset on value of type null
in APPPATH\Controllers\Page.php on line 19.
 1 APPPATH\Controllers\Page.php(19): CodeIgniter\Debug\Exceptions->errorHandler()
 2 SYSTEMPATH\CodeIgniter.php(904): App\Controllers\Page->Undangan()
 3 SYSTEMPATH\CodeIgniter.php(457): CodeIgniter\CodeIgniter->runController()
 4 SYSTEMPATH\CodeIgniter.php(340): CodeIgniter\CodeIgniter->handleRequest()
 5 FCPATH\index.php(67): CodeIgniter\CodeIgniter->run()
CRITICAL - 2022-08-14 15:28:54 --> Trying to access array offset on value of type null
in APPPATH\Controllers\Page.php on line 19.
 1 APPPATH\Controllers\Page.php(19): CodeIgniter\Debug\Exceptions->errorHandler()
 2 SYSTEMPATH\CodeIgniter.php(904): App\Controllers\Page->Undangan()
 3 SYSTEMPATH\CodeIgniter.php(457): CodeIgniter\CodeIgniter->runController()
 4 SYSTEMPATH\CodeIgniter.php(340): CodeIgniter\CodeIgniter->handleRequest()
 5 FCPATH\index.php(67): CodeIgniter\CodeIgniter->run()
CRITICAL - 2022-08-14 15:29:03 --> Trying to access array offset on value of type null
in APPPATH\Controllers\Main.php on line 16.
 1 APPPATH\Controllers\Main.php(16): CodeIgniter\Debug\Exceptions->errorHandler()
 2 SYSTEMPATH\CodeIgniter.php(904): App\Controllers\Main->Invitation()
 3 SYSTEMPATH\CodeIgniter.php(457): CodeIgniter\CodeIgniter->runController()
 4 SYSTEMPATH\CodeIgniter.php(340): CodeIgniter\CodeIgniter->handleRequest()
 5 FCPATH\index.php(67): CodeIgniter\CodeIgniter->run()
CRITICAL - 2022-08-14 15:29:40 --> Trying to access array offset on value of type null
in APPPATH\Controllers\Page.php on line 19.
 1 APPPATH\Controllers\Page.php(19): CodeIgniter\Debug\Exceptions->errorHandler()
 2 SYSTEMPATH\CodeIgniter.php(904): App\Controllers\Page->Undangan()
 3 SYSTEMPATH\CodeIgniter.php(457): CodeIgniter\CodeIgniter->runController()
 4 SYSTEMPATH\CodeIgniter.php(340): CodeIgniter\CodeIgniter->handleRequest()
 5 FCPATH\index.php(67): CodeIgniter\CodeIgniter->run()
CRITICAL - 2022-08-14 15:32:15 --> Trying to access array offset on value of type null
in APPPATH\Controllers\Page.php on line 19.
 1 APPPATH\Controllers\Page.php(19): CodeIgniter\Debug\Exceptions->errorHandler()
 2 SYSTEMPATH\CodeIgniter.php(904): App\Controllers\Page->Undangan()
 3 SYSTEMPATH\CodeIgniter.php(457): CodeIgniter\CodeIgniter->runController()
 4 SYSTEMPATH\CodeIgniter.php(340): CodeIgniter\CodeIgniter->handleRequest()
 5 FCPATH\index.php(67): CodeIgniter\CodeIgniter->run()
CRITICAL - 2022-08-14 15:32:37 --> Trying to access array offset on value of type null
in APPPATH\Controllers\Page.php on line 19.
 1 APPPATH\Controllers\Page.php(19): CodeIgniter\Debug\Exceptions->errorHandler()
 2 SYSTEMPATH\CodeIgniter.php(904): App\Controllers\Page->Undangan()
 3 SYSTEMPATH\CodeIgniter.php(457): CodeIgniter\CodeIgniter->runController()
 4 SYSTEMPATH\CodeIgniter.php(340): CodeIgniter\CodeIgniter->handleRequest()
 5 FCPATH\index.php(67): CodeIgniter\CodeIgniter->run()
CRITICAL - 2022-08-14 15:32:50 --> Undefined variable: nick
in APPPATH\Views\guestinv.php on line 496.
 1 APPPATH\Views\guestinv.php(496): CodeIgniter\Debug\Exceptions->errorHandler()
 2 SYSTEMPATH\View\View.php(213): include('APPPATH\\Views\\guestinv.php')
 3 SYSTEMPATH\View\View.php(216): CodeIgniter\View\View->CodeIgniter\View\{closure}()
 4 SYSTEMPATH\Common.php(1137): CodeIgniter\View\View->render()
 5 APPPATH\Controllers\Guest.php(12): view()
 6 SYSTEMPATH\CodeIgniter.php(904): App\Controllers\Guest->GuestInvitation()
 7 SYSTEMPATH\CodeIgniter.php(457): CodeIgniter\CodeIgniter->runController()
 8 SYSTEMPATH\CodeIgniter.php(340): CodeIgniter\CodeIgniter->handleRequest()
 9 FCPATH\index.php(67): CodeIgniter\CodeIgniter->run()
CRITICAL - 2022-08-14 15:33:49 --> Undefined variable: nick
in APPPATH\Views\guestinv.php on line 526.
 1 APPPATH\Views\guestinv.php(526): CodeIgniter\Debug\Exceptions->errorHandler()
 2 SYSTEMPATH\View\View.php(213): include('APPPATH\\Views\\guestinv.php')
 3 SYSTEMPATH\View\View.php(216): CodeIgniter\View\View->CodeIgniter\View\{closure}()
 4 SYSTEMPATH\Common.php(1137): CodeIgniter\View\View->render()
 5 APPPATH\Controllers\Guest.php(12): view()
 6 SYSTEMPATH\CodeIgniter.php(904): App\Controllers\Guest->GuestInvitation()
 7 SYSTEMPATH\CodeIgniter.php(457): CodeIgniter\CodeIgniter->runController()
 8 SYSTEMPATH\CodeIgniter.php(340): CodeIgniter\CodeIgniter->handleRequest()
 9 FCPATH\index.php(67): CodeIgniter\CodeIgniter->run()
CRITICAL - 2022-08-14 15:34:03 --> Undefined variable: nick
in APPPATH\Views\guestinv.php on line 526.
 1 APPPATH\Views\guestinv.php(526): CodeIgniter\Debug\Exceptions->errorHandler()
 2 SYSTEMPATH\View\View.php(213): include('APPPATH\\Views\\guestinv.php')
 3 SYSTEMPATH\View\View.php(216): CodeIgniter\View\View->CodeIgniter\View\{closure}()
 4 SYSTEMPATH\Common.php(1137): CodeIgniter\View\View->render()
 5 APPPATH\Controllers\Guest.php(12): view()
 6 SYSTEMPATH\CodeIgniter.php(904): App\Controllers\Guest->GuestInvitation()
 7 SYSTEMPATH\CodeIgniter.php(457): CodeIgniter\CodeIgniter->runController()
 8 SYSTEMPATH\CodeIgniter.php(340): CodeIgniter\CodeIgniter->handleRequest()
 9 FCPATH\index.php(67): CodeIgniter\CodeIgniter->run()
CRITICAL - 2022-08-14 15:40:25 --> Undefined variable: nicknameGuest
in APPPATH\Controllers\Guest.php on line 26.
 1 APPPATH\Controllers\Guest.php(26): CodeIgniter\Debug\Exceptions->errorHandler()
 2 SYSTEMPATH\CodeIgniter.php(904): App\Controllers\Guest->GuestDoa()
 3 SYSTEMPATH\CodeIgniter.php(457): CodeIgniter\CodeIgniter->runController()
 4 SYSTEMPATH\CodeIgniter.php(340): CodeIgniter\CodeIgniter->handleRequest()
 5 FCPATH\index.php(67): CodeIgniter\CodeIgniter->run()
